<?xml version="1.0" encoding="UTF-8"?>
<!-- Generated by org.testng.reporters.JUnitXMLReporter -->
<testsuite ignored="0" hostname="DESKTOP-T2VONFA" failures="0" tests="2" name="Crm Create Case Creation" time="71.661" errors="0" timestamp="2021-08-17T10:58:17 IST">
  <testcase classname="com.crm.tests.CreateCaseTestScript" name="createCaseWithDetails" time="36.206"/>
  <testcase classname="com.crm.tests.CreateCaseTestScript" name="createCaseWithDetailsandinfo" time="13.186"/>
</testsuite> <!-- Crm Create Case Creation -->
