<?xml version="1.0" encoding="UTF-8"?>
<testng-results ignored="0" total="1" passed="1" failed="0" skipped="0">
  <reporter-output>
  </reporter-output>
  <suite started-at="2021-08-17T14:32:51 IST" name="Default suite" finished-at="2021-08-17T14:34:05 IST" duration-ms="74631">
    <groups>
    </groups>
    <test started-at="2021-08-17T14:32:51 IST" name="Default test" finished-at="2021-08-17T14:34:05 IST" duration-ms="74631">
      <class name="com.crm.tests.CreateCaseTestScript1">
        <test-method is-config="true" signature="init()[pri:0, instance:com.crm.tests.CreateCaseTestScript1@5d0a1059]" started-at="2021-08-17T14:32:51 IST" name="init" finished-at="2021-08-17T14:33:14 IST" duration-ms="23617" status="PASS">
          <reporter-output>
          </reporter-output>
        </test-method> <!-- init -->
        <test-method signature="createCaseWithDetails()[pri:0, instance:com.crm.tests.CreateCaseTestScript1@5d0a1059]" started-at="2021-08-17T14:33:15 IST" name="createCaseWithDetails" description="This textcase creates without name" finished-at="2021-08-17T14:34:05 IST" duration-ms="50614" status="PASS">
          <reporter-output>
          </reporter-output>
        </test-method> <!-- createCaseWithDetails -->
      </class> <!-- com.crm.tests.CreateCaseTestScript1 -->
    </test> <!-- Default test -->
  </suite> <!-- Default suite -->
</testng-results>
