<?xml version="1.0" encoding="UTF-8"?>
<testng-results ignored="0" total="1" passed="1" failed="0" skipped="0">
  <reporter-output>
  </reporter-output>
  <suite started-at="2021-08-20T15:17:26 IST" name="Default suite" finished-at="2021-08-20T15:19:11 IST" duration-ms="104270">
    <groups>
    </groups>
    <test started-at="2021-08-20T15:17:26 IST" name="Default test" finished-at="2021-08-20T15:19:11 IST" duration-ms="104270">
      <class name="com.crm.tests.CreateUserTestScript">
        <test-method is-config="true" signature="init()[pri:0, instance:com.crm.tests.CreateUserTestScript@5b03b9fe]" started-at="2021-08-20T15:17:26 IST" name="init" finished-at="2021-08-20T15:18:25 IST" duration-ms="58135" status="PASS">
          <reporter-output>
          </reporter-output>
        </test-method> <!-- init -->
        <test-method signature="CreateUserAccountwithdetails()[pri:0, instance:com.crm.tests.CreateUserTestScript@5b03b9fe]" started-at="2021-08-20T15:18:25 IST" name="CreateUserAccountwithdetails" finished-at="2021-08-20T15:19:11 IST" duration-ms="45990" status="PASS">
          <reporter-output>
          </reporter-output>
        </test-method> <!-- CreateUserAccountwithdetails -->
      </class> <!-- com.crm.tests.CreateUserTestScript -->
    </test> <!-- Default test -->
  </suite> <!-- Default suite -->
</testng-results>
